<?xml version="1.0" encoding="UTF-8"?>
<testsuite name="petstore.Pet" tests="1" skipped="0" failures="0" errors="0" timestamp="2021-08-20T04:11:06" hostname="Helders-MacBook-Pro.local" time="2.754">
  <properties/>
  <testcase name="excluirPet" classname="petstore.Pet" time="2.754"/>
  <system-out><![CDATA[Request method:	DELETE
Request URI:	https://petstore.swagger.io/v2/pet/1003198512
Proxy:			<none>
Request params:	<none>
Query params:	<none>
Form params:	<none>
Path params:	<none>
Headers:		Accept=*/*
				Content-Type=application/json; charset=UTF-8
Cookies:		<none>
Multiparts:		<none>
Body:			<none>
HTTP/1.1 200 OK
Date: Fri, 20 Aug 2021 04:11:09 GMT
Content-Type: application/json
Transfer-Encoding: chunked
Connection: keep-alive
Access-Control-Allow-Origin: *
Access-Control-Allow-Methods: GET, POST, DELETE, PUT
Access-Control-Allow-Headers: Content-Type, api_key, Authorization
Server: Jetty(9.2.9.v20150224)

{
    "code": 200,
    "type": "unknown",
    "message": "1003198512"
}
]]></system-out>
  <system-err><![CDATA[]]></system-err>
</testsuite>
